<?xml version="1.0" encoding="UTF-8"?>
<!-- Generated by org.testng.reporters.JUnitReportReporter -->
<testsuite hostname="xd-w7x32-230" name="com.test.automation.uiAutomation.contractManagementPage.ContractManagementPage" tests="1" failures="0" timestamp="7 Sep 2017 11:13:16 GMT" time="4.322" errors="0">
  <testcase name="loginTest" time="4.322" classname="com.test.automation.uiAutomation.contractManagementPage.ContractManagementPage"/>
</testsuite> <!-- com.test.automation.uiAutomation.contractManagementPage.ContractManagementPage -->
