<?xml version="1.0" encoding="UTF-8"?>
<!-- Generated by org.testng.reporters.JUnitReportReporter -->
<testsuite hostname="xd-w7x32-196" name="com.test.automation.uiAutomation.invoiceDetails.TC001_VerifyInvoiceDetails" tests="5" failures="0" timestamp="9 Oct 2017 09:10:26 GMT" time="35.294" errors="0">
  <testcase name="login" time="1.770" classname="com.test.automation.uiAutomation.invoiceDetails.TC001_VerifyInvoiceDetails"/>
  <testcase name="headerDetails" time="9.183" classname="com.test.automation.uiAutomation.invoiceDetails.TC001_VerifyInvoiceDetails"/>
  <testcase name="headerDetails" time="8.138" classname="com.test.automation.uiAutomation.invoiceDetails.TC001_VerifyInvoiceDetails"/>
  <testcase name="headerDetails" time="8.533" classname="com.test.automation.uiAutomation.invoiceDetails.TC001_VerifyInvoiceDetails"/>
  <testcase name="headerDetails" time="7.670" classname="com.test.automation.uiAutomation.invoiceDetails.TC001_VerifyInvoiceDetails"/>
</testsuite> <!-- com.test.automation.uiAutomation.invoiceDetails.TC001_VerifyInvoiceDetails -->
